<?xml version="1.0" encoding="UTF-8"?>
<testsuite xmlns:xsi="http://www.w3.org/2001/XMLSchema-instance" xsi:noNamespaceSchemaLocation="https://maven.apache.org/surefire/maven-surefire-plugin/xsd/surefire-test-report.xsd" name="nba.shehan.AppTest" time="0.01" tests="1" errors="0" skipped="0" failures="0">
  <properties>
    <property name="java.specification.version" value="23"/>
    <property name="sun.jnu.encoding" value="UTF-8"/>
    <property name="java.class.path" value="/Users/shehantharuka/Workspace/Programming/MSc-Dev/coursework/big-data-programming/nbadataanalysis-hadoop-proj/target/test-classes:/Users/shehantharuka/Workspace/Programming/MSc-Dev/coursework/big-data-programming/nbadataanalysis-hadoop-proj/target/classes:/Users/shehantharuka/.m2/repository/junit/junit/4.11/junit-4.11.jar:/Users/shehantharuka/.m2/repository/org/hamcrest/hamcrest-core/1.3/hamcrest-core-1.3.jar:/Users/shehantharuka/.m2/repository/commons-lang/commons-lang/2.6/commons-lang-2.6.jar:/Users/shehantharuka/.m2/repository/org/json/json/20240303/json-20240303.jar:/Users/shehantharuka/.m2/repository/org/apache/hadoop/hadoop-mapreduce-client-core/3.4.1/hadoop-mapreduce-client-core-3.4.1.jar:/Users/shehantharuka/.m2/repository/org/apache/hadoop/hadoop-yarn-common/3.4.1/hadoop-yarn-common-3.4.1.jar:/Users/shehantharuka/.m2/repository/javax/xml/bind/jaxb-api/2.2.11/jaxb-api-2.2.11.jar:/Users/shehantharuka/.m2/repository/com/sun/jersey/jersey-client/1.19.4/jersey-client-1.19.4.jar:/Users/shehantharuka/.m2/repository/com/google/inject/guice/4.2.3/guice-4.2.3.jar:/Users/shehantharuka/.m2/repository/javax/inject/javax.inject/1/javax.inject-1.jar:/Users/shehantharuka/.m2/repository/aopalliance/aopalliance/1.0/aopalliance-1.0.jar:/Users/shehantharuka/.m2/repository/com/sun/jersey/contribs/jersey-guice/1.19.4/jersey-guice-1.19.4.jar:/Users/shehantharuka/.m2/repository/com/fasterxml/jackson/core/jackson-core/2.12.7/jackson-core-2.12.7.jar:/Users/shehantharuka/.m2/repository/com/fasterxml/jackson/module/jackson-module-jaxb-annotations/2.12.7/jackson-module-jaxb-annotations-2.12.7.jar:/Users/shehantharuka/.m2/repository/jakarta/xml/bind/jakarta.xml.bind-api/2.3.2/jakarta.xml.bind-api-2.3.2.jar:/Users/shehantharuka/.m2/repository/com/fasterxml/jackson/jaxrs/jackson-jaxrs-json-provider/2.12.7/jackson-jaxrs-json-provider-2.12.7.jar:/Users/shehantharuka/.m2/repository/com/fasterxml/jackson/jaxrs/jackson-jaxrs-base/2.12.7/jackson-jaxrs-base-2.12.7.jar:/Users/shehantharuka/.m2/repository/org/apache/hadoop/hadoop-hdfs-client/3.4.1/hadoop-hdfs-client-3.4.1.jar:/Users/shehantharuka/.m2/repository/org/apache/httpcomponents/httpcore/4.4.13/httpcore-4.4.13.jar:/Users/shehantharuka/.m2/repository/com/fasterxml/jackson/core/jackson-annotations/2.12.7/jackson-annotations-2.12.7.jar:/Users/shehantharuka/.m2/repository/com/fasterxml/jackson/core/jackson-databind/2.12.7.1/jackson-databind-2.12.7.1.jar:/Users/shehantharuka/.m2/repository/org/apache/avro/avro/1.9.2/avro-1.9.2.jar:/Users/shehantharuka/.m2/repository/org/slf4j/slf4j-api/1.7.36/slf4j-api-1.7.36.jar:/Users/shehantharuka/.m2/repository/org/slf4j/slf4j-reload4j/1.7.36/slf4j-reload4j-1.7.36.jar:/Users/shehantharuka/.m2/repository/org/apache/hadoop/hadoop-annotations/3.4.1/hadoop-annotations-3.4.1.jar:/Users/shehantharuka/.m2/repository/com/google/inject/extensions/guice-servlet/4.2.3/guice-servlet-4.2.3.jar:/Users/shehantharuka/.m2/repository/io/netty/netty-all/4.1.100.Final/netty-all-4.1.100.Final.jar:/Users/shehantharuka/.m2/repository/io/netty/netty-buffer/4.1.100.Final/netty-buffer-4.1.100.Final.jar:/Users/shehantharuka/.m2/repository/io/netty/netty-codec/4.1.100.Final/netty-codec-4.1.100.Final.jar:/Users/shehantharuka/.m2/repository/io/netty/netty-codec-dns/4.1.100.Final/netty-codec-dns-4.1.100.Final.jar:/Users/shehantharuka/.m2/repository/io/netty/netty-codec-haproxy/4.1.100.Final/netty-codec-haproxy-4.1.100.Final.jar:/Users/shehantharuka/.m2/repository/io/netty/netty-codec-http/4.1.100.Final/netty-codec-http-4.1.100.Final.jar:/Users/shehantharuka/.m2/repository/io/netty/netty-codec-http2/4.1.100.Final/netty-codec-http2-4.1.100.Final.jar:/Users/shehantharuka/.m2/repository/io/netty/netty-codec-memcache/4.1.100.Final/netty-codec-memcache-4.1.100.Final.jar:/Users/shehantharuka/.m2/repository/io/netty/netty-codec-mqtt/4.1.100.Final/netty-codec-mqtt-4.1.100.Final.jar:/Users/shehantharuka/.m2/repository/io/netty/netty-codec-redis/4.1.100.Final/netty-codec-redis-4.1.100.Final.jar:/Users/shehantharuka/.m2/repository/io/netty/netty-codec-smtp/4.1.100.Final/netty-codec-smtp-4.1.100.Final.jar:/Users/shehantharuka/.m2/repository/io/netty/netty-codec-socks/4.1.100.Final/netty-codec-socks-4.1.100.Final.jar:/Users/shehantharuka/.m2/repository/io/netty/netty-codec-stomp/4.1.100.Final/netty-codec-stomp-4.1.100.Final.jar:/Users/shehantharuka/.m2/repository/io/netty/netty-codec-xml/4.1.100.Final/netty-codec-xml-4.1.100.Final.jar:/Users/shehantharuka/.m2/repository/io/netty/netty-common/4.1.100.Final/netty-common-4.1.100.Final.jar:/Users/shehantharuka/.m2/repository/io/netty/netty-transport-native-unix-common/4.1.100.Final/netty-transport-native-unix-common-4.1.100.Final.jar:/Users/shehantharuka/.m2/repository/io/netty/netty-handler-proxy/4.1.100.Final/netty-handler-proxy-4.1.100.Final.jar:/Users/shehantharuka/.m2/repository/io/netty/netty-handler-ssl-ocsp/4.1.100.Final/netty-handler-ssl-ocsp-4.1.100.Final.jar:/Users/shehantharuka/.m2/repository/io/netty/netty-resolver/4.1.100.Final/netty-resolver-4.1.100.Final.jar:/Users/shehantharuka/.m2/repository/io/netty/netty-resolver-dns/4.1.100.Final/netty-resolver-dns-4.1.100.Final.jar:/Users/shehantharuka/.m2/repository/io/netty/netty-transport/4.1.100.Final/netty-transport-4.1.100.Final.jar:/Users/shehantharuka/.m2/repository/io/netty/netty-transport-rxtx/4.1.100.Final/netty-transport-rxtx-4.1.100.Final.jar:/Users/shehantharuka/.m2/repository/io/netty/netty-transport-sctp/4.1.100.Final/netty-transport-sctp-4.1.100.Final.jar:/Users/shehantharuka/.m2/repository/io/netty/netty-transport-udt/4.1.100.Final/netty-transport-udt-4.1.100.Final.jar:/Users/shehantharuka/.m2/repository/io/netty/netty-transport-classes-epoll/4.1.100.Final/netty-transport-classes-epoll-4.1.100.Final.jar:/Users/shehantharuka/.m2/repository/io/netty/netty-transport-classes-kqueue/4.1.100.Final/netty-transport-classes-kqueue-4.1.100.Final.jar:/Users/shehantharuka/.m2/repository/io/netty/netty-resolver-dns-classes-macos/4.1.100.Final/netty-resolver-dns-classes-macos-4.1.100.Final.jar:/Users/shehantharuka/.m2/repository/io/netty/netty-transport-native-epoll/4.1.100.Final/netty-transport-native-epoll-4.1.100.Final-linux-x86_64.jar:/Users/shehantharuka/.m2/repository/io/netty/netty-transport-native-epoll/4.1.100.Final/netty-transport-native-epoll-4.1.100.Final-linux-aarch_64.jar:/Users/shehantharuka/.m2/repository/io/netty/netty-transport-native-kqueue/4.1.100.Final/netty-transport-native-kqueue-4.1.100.Final-osx-x86_64.jar:/Users/shehantharuka/.m2/repository/io/netty/netty-transport-native-kqueue/4.1.100.Final/netty-transport-native-kqueue-4.1.100.Final-osx-aarch_64.jar:/Users/shehantharuka/.m2/repository/io/netty/netty-resolver-dns-native-macos/4.1.100.Final/netty-resolver-dns-native-macos-4.1.100.Final-osx-x86_64.jar:/Users/shehantharuka/.m2/repository/io/netty/netty-resolver-dns-native-macos/4.1.100.Final/netty-resolver-dns-native-macos-4.1.100.Final-osx-aarch_64.jar:/Users/shehantharuka/.m2/repository/org/apache/hadoop/hadoop-client/3.4.1/hadoop-client-3.4.1.jar:/Users/shehantharuka/.m2/repository/org/apache/hadoop/hadoop-yarn-api/3.4.1/hadoop-yarn-api-3.4.1.jar:/Users/shehantharuka/.m2/repository/org/apache/hadoop/hadoop-mapreduce-client-jobclient/3.4.1/hadoop-mapreduce-client-jobclient-3.4.1.jar:/Users/shehantharuka/.m2/repository/org/apache/hadoop/hadoop-common/3.4.1/hadoop-common-3.4.1.jar:/Users/shehantharuka/.m2/repository/org/apache/hadoop/thirdparty/hadoop-shaded-protobuf_3_25/1.3.0/hadoop-shaded-protobuf_3_25-1.3.0.jar:/Users/shehantharuka/.m2/repository/org/apache/hadoop/thirdparty/hadoop-shaded-guava/1.3.0/hadoop-shaded-guava-1.3.0.jar:/Users/shehantharuka/.m2/repository/com/google/guava/guava/27.0-jre/guava-27.0-jre.jar:/Users/shehantharuka/.m2/repository/com/google/guava/failureaccess/1.0/failureaccess-1.0.jar:/Users/shehantharuka/.m2/repository/com/google/guava/listenablefuture/9999.0-empty-to-avoid-conflict-with-guava/listenablefuture-9999.0-empty-to-avoid-conflict-with-guava.jar:/Users/shehantharuka/.m2/repository/org/checkerframework/checker-qual/2.5.2/checker-qual-2.5.2.jar:/Users/shehantharuka/.m2/repository/com/google/j2objc/j2objc-annotations/1.1/j2objc-annotations-1.1.jar:/Users/shehantharuka/.m2/repository/org/codehaus/mojo/animal-sniffer-annotations/1.17/animal-sniffer-annotations-1.17.jar:/Users/shehantharuka/.m2/repository/commons-cli/commons-cli/1.5.0/commons-cli-1.5.0.jar:/Users/shehantharuka/.m2/repository/org/apache/commons/commons-math3/3.6.1/commons-math3-3.6.1.jar:/Users/shehantharuka/.m2/repository/org/apache/httpcomponents/httpclient/4.5.13/httpclient-4.5.13.jar:/Users/shehantharuka/.m2/repository/commons-logging/commons-logging/1.2/commons-logging-1.2.jar:/Users/shehantharuka/.m2/repository/commons-codec/commons-codec/1.15/commons-codec-1.15.jar:/Users/shehantharuka/.m2/repository/commons-io/commons-io/2.16.1/commons-io-2.16.1.jar:/Users/shehantharuka/.m2/repository/commons-net/commons-net/3.9.0/commons-net-3.9.0.jar:/Users/shehantharuka/.m2/repository/commons-collections/commons-collections/3.2.2/commons-collections-3.2.2.jar:/Users/shehantharuka/.m2/repository/javax/servlet/javax.servlet-api/3.1.0/javax.servlet-api-3.1.0.jar:/Users/shehantharuka/.m2/repository/jakarta/activation/jakarta.activation-api/1.2.1/jakarta.activation-api-1.2.1.jar:/Users/shehantharuka/.m2/repository/org/eclipse/jetty/jetty-server/9.4.53.v20231009/jetty-server-9.4.53.v20231009.jar:/Users/shehantharuka/.m2/repository/org/eclipse/jetty/jetty-http/9.4.53.v20231009/jetty-http-9.4.53.v20231009.jar:/Users/shehantharuka/.m2/repository/org/eclipse/jetty/jetty-io/9.4.53.v20231009/jetty-io-9.4.53.v20231009.jar:/Users/shehantharuka/.m2/repository/org/eclipse/jetty/jetty-util/9.4.53.v20231009/jetty-util-9.4.53.v20231009.jar:/Users/shehantharuka/.m2/repository/org/eclipse/jetty/jetty-servlet/9.4.53.v20231009/jetty-servlet-9.4.53.v20231009.jar:/Users/shehantharuka/.m2/repository/org/eclipse/jetty/jetty-security/9.4.53.v20231009/jetty-security-9.4.53.v20231009.jar:/Users/shehantharuka/.m2/repository/org/eclipse/jetty/jetty-util-ajax/9.4.53.v20231009/jetty-util-ajax-9.4.53.v20231009.jar:/Users/shehantharuka/.m2/repository/org/eclipse/jetty/jetty-webapp/9.4.53.v20231009/jetty-webapp-9.4.53.v20231009.jar:/Users/shehantharuka/.m2/repository/org/eclipse/jetty/jetty-xml/9.4.53.v20231009/jetty-xml-9.4.53.v20231009.jar:/Users/shehantharuka/.m2/repository/javax/servlet/jsp/jsp-api/2.1/jsp-api-2.1.jar:/Users/shehantharuka/.m2/repository/com/sun/jersey/jersey-core/1.19.4/jersey-core-1.19.4.jar:/Users/shehantharuka/.m2/repository/javax/ws/rs/jsr311-api/1.1.1/jsr311-api-1.1.1.jar:/Users/shehantharuka/.m2/repository/com/sun/jersey/jersey-servlet/1.19.4/jersey-servlet-1.19.4.jar:/Users/shehantharuka/.m2/repository/com/github/pjfanning/jersey-json/1.22.0/jersey-json-1.22.0.jar:/Users/shehantharuka/.m2/repository/com/sun/xml/bind/jaxb-impl/2.2.3-1/jaxb-impl-2.2.3-1.jar:/Users/shehantharuka/.m2/repository/org/codehaus/jettison/jettison/1.5.4/jettison-1.5.4.jar:/Users/shehantharuka/.m2/repository/com/sun/jersey/jersey-server/1.19.4/jersey-server-1.19.4.jar:/Users/shehantharuka/.m2/repository/ch/qos/reload4j/reload4j/1.2.22/reload4j-1.2.22.jar:/Users/shehantharuka/.m2/repository/commons-beanutils/commons-beanutils/1.9.4/commons-beanutils-1.9.4.jar:/Users/shehantharuka/.m2/repository/org/apache/commons/commons-configuration2/2.10.1/commons-configuration2-2.10.1.jar:/Users/shehantharuka/.m2/repository/org/apache/commons/commons-lang3/3.12.0/commons-lang3-3.12.0.jar:/Users/shehantharuka/.m2/repository/org/apache/commons/commons-text/1.10.0/commons-text-1.10.0.jar:/Users/shehantharuka/.m2/repository/com/google/re2j/re2j/1.1/re2j-1.1.jar:/Users/shehantharuka/.m2/repository/com/google/code/gson/gson/2.9.0/gson-2.9.0.jar:/Users/shehantharuka/.m2/repository/org/apache/hadoop/hadoop-auth/3.4.1/hadoop-auth-3.4.1.jar:/Users/shehantharuka/.m2/repository/com/nimbusds/nimbus-jose-jwt/9.37.2/nimbus-jose-jwt-9.37.2.jar:/Users/shehantharuka/.m2/repository/com/github/stephenc/jcip/jcip-annotations/1.0-1/jcip-annotations-1.0-1.jar:/Users/shehantharuka/.m2/repository/org/apache/curator/curator-framework/5.2.0/curator-framework-5.2.0.jar:/Users/shehantharuka/.m2/repository/org/apache/kerby/kerb-util/2.0.3/kerb-util-2.0.3.jar:/Users/shehantharuka/.m2/repository/org/apache/kerby/kerby-config/2.0.3/kerby-config-2.0.3.jar:/Users/shehantharuka/.m2/repository/org/apache/kerby/kerb-crypto/2.0.3/kerb-crypto-2.0.3.jar:/Users/shehantharuka/.m2/repository/com/jcraft/jsch/0.1.55/jsch-0.1.55.jar:/Users/shehantharuka/.m2/repository/org/apache/curator/curator-client/5.2.0/curator-client-5.2.0.jar:/Users/shehantharuka/.m2/repository/org/apache/curator/curator-recipes/5.2.0/curator-recipes-5.2.0.jar:/Users/shehantharuka/.m2/repository/com/google/code/findbugs/jsr305/3.0.2/jsr305-3.0.2.jar:/Users/shehantharuka/.m2/repository/org/apache/zookeeper/zookeeper/3.8.4/zookeeper-3.8.4.jar:/Users/shehantharuka/.m2/repository/org/apache/zookeeper/zookeeper-jute/3.8.4/zookeeper-jute-3.8.4.jar:/Users/shehantharuka/.m2/repository/org/apache/yetus/audience-annotations/0.12.0/audience-annotations-0.12.0.jar:/Users/shehantharuka/.m2/repository/io/netty/netty-handler/4.1.100.Final/netty-handler-4.1.100.Final.jar:/Users/shehantharuka/.m2/repository/io/netty/netty-transport-native-epoll/4.1.100.Final/netty-transport-native-epoll-4.1.100.Final.jar:/Users/shehantharuka/.m2/repository/io/dropwizard/metrics/metrics-core/3.2.4/metrics-core-3.2.4.jar:/Users/shehantharuka/.m2/repository/org/apache/commons/commons-compress/1.26.1/commons-compress-1.26.1.jar:/Users/shehantharuka/.m2/repository/org/bouncycastle/bcprov-jdk18on/1.78.1/bcprov-jdk18on-1.78.1.jar:/Users/shehantharuka/.m2/repository/org/apache/kerby/kerb-core/2.0.3/kerb-core-2.0.3.jar:/Users/shehantharuka/.m2/repository/org/apache/kerby/kerby-pkix/2.0.3/kerby-pkix-2.0.3.jar:/Users/shehantharuka/.m2/repository/org/apache/kerby/kerby-asn1/2.0.3/kerby-asn1-2.0.3.jar:/Users/shehantharuka/.m2/repository/org/apache/kerby/kerby-util/2.0.3/kerby-util-2.0.3.jar:/Users/shehantharuka/.m2/repository/org/codehaus/woodstox/stax2-api/4.2.1/stax2-api-4.2.1.jar:/Users/shehantharuka/.m2/repository/com/fasterxml/woodstox/woodstox-core/5.4.0/woodstox-core-5.4.0.jar:/Users/shehantharuka/.m2/repository/dnsjava/dnsjava/3.6.1/dnsjava-3.6.1.jar:/Users/shehantharuka/.m2/repository/org/xerial/snappy/snappy-java/1.1.10.4/snappy-java-1.1.10.4.jar:/Users/shehantharuka/.m2/repository/org/apache/hadoop/hadoop-yarn-client/3.4.1/hadoop-yarn-client-3.4.1.jar:/Users/shehantharuka/.m2/repository/org/eclipse/jetty/websocket/websocket-client/9.4.53.v20231009/websocket-client-9.4.53.v20231009.jar:/Users/shehantharuka/.m2/repository/org/eclipse/jetty/jetty-client/9.4.53.v20231009/jetty-client-9.4.53.v20231009.jar:/Users/shehantharuka/.m2/repository/org/eclipse/jetty/websocket/websocket-common/9.4.53.v20231009/websocket-common-9.4.53.v20231009.jar:/Users/shehantharuka/.m2/repository/org/eclipse/jetty/websocket/websocket-api/9.4.53.v20231009/websocket-api-9.4.53.v20231009.jar:/Users/shehantharuka/.m2/repository/org/jline/jline/3.9.0/jline-3.9.0.jar:/Users/shehantharuka/.m2/repository/org/apache/hadoop/hadoop-mapreduce-client-app/3.4.1/hadoop-mapreduce-client-app-3.4.1.jar:/Users/shehantharuka/.m2/repository/org/apache/hadoop/hadoop-mapreduce-client-common/3.4.1/hadoop-mapreduce-client-common-3.4.1.jar:/Users/shehantharuka/.m2/repository/org/apache/hadoop/hadoop-yarn-server-web-proxy/3.4.1/hadoop-yarn-server-web-proxy-3.4.1.jar:/Users/shehantharuka/.m2/repository/org/apache/hadoop/hadoop-yarn-server-common/3.4.1/hadoop-yarn-server-common-3.4.1.jar:/Users/shehantharuka/.m2/repository/org/apache/hadoop/hadoop-registry/3.4.1/hadoop-registry-3.4.1.jar:/Users/shehantharuka/.m2/repository/commons-daemon/commons-daemon/1.0.13/commons-daemon-1.0.13.jar:/Users/shehantharuka/.m2/repository/javax/cache/cache-api/1.1.1/cache-api-1.1.1.jar:/Users/shehantharuka/.m2/repository/org/ehcache/ehcache/3.8.2/ehcache-3.8.2.jar:/Users/shehantharuka/.m2/repository/org/glassfish/jaxb/jaxb-runtime/2.3.1/jaxb-runtime-2.3.1.jar:/Users/shehantharuka/.m2/repository/org/glassfish/jaxb/txw2/2.3.1/txw2-2.3.1.jar:/Users/shehantharuka/.m2/repository/com/sun/istack/istack-commons-runtime/3.0.7/istack-commons-runtime-3.0.7.jar:/Users/shehantharuka/.m2/repository/org/jvnet/staxex/stax-ex/1.8/stax-ex-1.8.jar:/Users/shehantharuka/.m2/repository/com/sun/xml/fastinfoset/FastInfoset/1.2.15/FastInfoset-1.2.15.jar:/Users/shehantharuka/.m2/repository/javax/activation/javax.activation-api/1.2.0/javax.activation-api-1.2.0.jar:/Users/shehantharuka/.m2/repository/com/zaxxer/HikariCP/4.0.3/HikariCP-4.0.3.jar:/Users/shehantharuka/.m2/repository/com/microsoft/sqlserver/mssql-jdbc/6.2.1.jre7/mssql-jdbc-6.2.1.jre7.jar:/Users/shehantharuka/.m2/repository/org/apache/hadoop/hadoop-mapreduce-client-shuffle/3.4.1/hadoop-mapreduce-client-shuffle-3.4.1.jar:/Users/shehantharuka/.m2/repository/org/apache/hadoop/hadoop-yarn-server-nodemanager/3.4.1/hadoop-yarn-server-nodemanager-3.4.1.jar:/Users/shehantharuka/.m2/repository/org/eclipse/jetty/websocket/javax-websocket-server-impl/9.4.53.v20231009/javax-websocket-server-impl-9.4.53.v20231009.jar:/Users/shehantharuka/.m2/repository/org/eclipse/jetty/jetty-annotations/9.4.53.v20231009/jetty-annotations-9.4.53.v20231009.jar:/Users/shehantharuka/.m2/repository/org/eclipse/jetty/jetty-plus/9.4.53.v20231009/jetty-plus-9.4.53.v20231009.jar:/Users/shehantharuka/.m2/repository/org/eclipse/jetty/jetty-jndi/9.4.53.v20231009/jetty-jndi-9.4.53.v20231009.jar:/Users/shehantharuka/.m2/repository/javax/annotation/javax.annotation-api/1.3.2/javax.annotation-api-1.3.2.jar:/Users/shehantharuka/.m2/repository/org/ow2/asm/asm-commons/9.6/asm-commons-9.6.jar:/Users/shehantharuka/.m2/repository/org/ow2/asm/asm-tree/9.6/asm-tree-9.6.jar:/Users/shehantharuka/.m2/repository/org/eclipse/jetty/websocket/javax-websocket-client-impl/9.4.53.v20231009/javax-websocket-client-impl-9.4.53.v20231009.jar:/Users/shehantharuka/.m2/repository/javax/websocket/javax.websocket-client-api/1.0/javax.websocket-client-api-1.0.jar:/Users/shehantharuka/.m2/repository/org/eclipse/jetty/websocket/websocket-server/9.4.53.v20231009/websocket-server-9.4.53.v20231009.jar:/Users/shehantharuka/.m2/repository/org/eclipse/jetty/websocket/websocket-servlet/9.4.53.v20231009/websocket-servlet-9.4.53.v20231009.jar:/Users/shehantharuka/.m2/repository/javax/websocket/javax.websocket-api/1.0/javax.websocket-api-1.0.jar:/Users/shehantharuka/.m2/repository/net/java/dev/jna/jna/5.2.0/jna-5.2.0.jar:/Users/shehantharuka/.m2/repository/org/fusesource/leveldbjni/leveldbjni-all/1.8/leveldbjni-all-1.8.jar:"/>
    <property name="java.vm.vendor" value="Oracle Corporation"/>
    <property name="sun.arch.data.model" value="64"/>
    <property name="java.vendor.url" value="https://java.oracle.com/"/>
    <property name="os.name" value="Mac OS X"/>
    <property name="java.vm.specification.version" value="23"/>
    <property name="sun.java.launcher" value="SUN_STANDARD"/>
    <property name="user.country" value="US"/>
    <property name="sun.boot.library.path" value="/Library/Java/JavaVirtualMachines/jdk-23.jdk/Contents/Home/lib"/>
    <property name="sun.java.command" value="/Users/shehantharuka/Workspace/Programming/MSc-Dev/coursework/big-data-programming/nbadataanalysis-hadoop-proj/target/surefire/surefirebooter4061906101957349133.jar /Users/shehantharuka/Workspace/Programming/MSc-Dev/coursework/big-data-programming/nbadataanalysis-hadoop-proj/target/surefire 2024-12-16T21-06-01_005-jvmRun1 surefire9397067753240252916tmp surefire_011085619282789110335tmp"/>
    <property name="http.nonProxyHosts" value="local|*.local|169.254/16|*.169.254/16"/>
    <property name="jdk.debug" value="release"/>
    <property name="surefire.test.class.path" value="/Users/shehantharuka/Workspace/Programming/MSc-Dev/coursework/big-data-programming/nbadataanalysis-hadoop-proj/target/test-classes:/Users/shehantharuka/Workspace/Programming/MSc-Dev/coursework/big-data-programming/nbadataanalysis-hadoop-proj/target/classes:/Users/shehantharuka/.m2/repository/junit/junit/4.11/junit-4.11.jar:/Users/shehantharuka/.m2/repository/org/hamcrest/hamcrest-core/1.3/hamcrest-core-1.3.jar:/Users/shehantharuka/.m2/repository/commons-lang/commons-lang/2.6/commons-lang-2.6.jar:/Users/shehantharuka/.m2/repository/org/json/json/20240303/json-20240303.jar:/Users/shehantharuka/.m2/repository/org/apache/hadoop/hadoop-mapreduce-client-core/3.4.1/hadoop-mapreduce-client-core-3.4.1.jar:/Users/shehantharuka/.m2/repository/org/apache/hadoop/hadoop-yarn-common/3.4.1/hadoop-yarn-common-3.4.1.jar:/Users/shehantharuka/.m2/repository/javax/xml/bind/jaxb-api/2.2.11/jaxb-api-2.2.11.jar:/Users/shehantharuka/.m2/repository/com/sun/jersey/jersey-client/1.19.4/jersey-client-1.19.4.jar:/Users/shehantharuka/.m2/repository/com/google/inject/guice/4.2.3/guice-4.2.3.jar:/Users/shehantharuka/.m2/repository/javax/inject/javax.inject/1/javax.inject-1.jar:/Users/shehantharuka/.m2/repository/aopalliance/aopalliance/1.0/aopalliance-1.0.jar:/Users/shehantharuka/.m2/repository/com/sun/jersey/contribs/jersey-guice/1.19.4/jersey-guice-1.19.4.jar:/Users/shehantharuka/.m2/repository/com/fasterxml/jackson/core/jackson-core/2.12.7/jackson-core-2.12.7.jar:/Users/shehantharuka/.m2/repository/com/fasterxml/jackson/module/jackson-module-jaxb-annotations/2.12.7/jackson-module-jaxb-annotations-2.12.7.jar:/Users/shehantharuka/.m2/repository/jakarta/xml/bind/jakarta.xml.bind-api/2.3.2/jakarta.xml.bind-api-2.3.2.jar:/Users/shehantharuka/.m2/repository/com/fasterxml/jackson/jaxrs/jackson-jaxrs-json-provider/2.12.7/jackson-jaxrs-json-provider-2.12.7.jar:/Users/shehantharuka/.m2/repository/com/fasterxml/jackson/jaxrs/jackson-jaxrs-base/2.12.7/jackson-jaxrs-base-2.12.7.jar:/Users/shehantharuka/.m2/repository/org/apache/hadoop/hadoop-hdfs-client/3.4.1/hadoop-hdfs-client-3.4.1.jar:/Users/shehantharuka/.m2/repository/org/apache/httpcomponents/httpcore/4.4.13/httpcore-4.4.13.jar:/Users/shehantharuka/.m2/repository/com/fasterxml/jackson/core/jackson-annotations/2.12.7/jackson-annotations-2.12.7.jar:/Users/shehantharuka/.m2/repository/com/fasterxml/jackson/core/jackson-databind/2.12.7.1/jackson-databind-2.12.7.1.jar:/Users/shehantharuka/.m2/repository/org/apache/avro/avro/1.9.2/avro-1.9.2.jar:/Users/shehantharuka/.m2/repository/org/slf4j/slf4j-api/1.7.36/slf4j-api-1.7.36.jar:/Users/shehantharuka/.m2/repository/org/slf4j/slf4j-reload4j/1.7.36/slf4j-reload4j-1.7.36.jar:/Users/shehantharuka/.m2/repository/org/apache/hadoop/hadoop-annotations/3.4.1/hadoop-annotations-3.4.1.jar:/Users/shehantharuka/.m2/repository/com/google/inject/extensions/guice-servlet/4.2.3/guice-servlet-4.2.3.jar:/Users/shehantharuka/.m2/repository/io/netty/netty-all/4.1.100.Final/netty-all-4.1.100.Final.jar:/Users/shehantharuka/.m2/repository/io/netty/netty-buffer/4.1.100.Final/netty-buffer-4.1.100.Final.jar:/Users/shehantharuka/.m2/repository/io/netty/netty-codec/4.1.100.Final/netty-codec-4.1.100.Final.jar:/Users/shehantharuka/.m2/repository/io/netty/netty-codec-dns/4.1.100.Final/netty-codec-dns-4.1.100.Final.jar:/Users/shehantharuka/.m2/repository/io/netty/netty-codec-haproxy/4.1.100.Final/netty-codec-haproxy-4.1.100.Final.jar:/Users/shehantharuka/.m2/repository/io/netty/netty-codec-http/4.1.100.Final/netty-codec-http-4.1.100.Final.jar:/Users/shehantharuka/.m2/repository/io/netty/netty-codec-http2/4.1.100.Final/netty-codec-http2-4.1.100.Final.jar:/Users/shehantharuka/.m2/repository/io/netty/netty-codec-memcache/4.1.100.Final/netty-codec-memcache-4.1.100.Final.jar:/Users/shehantharuka/.m2/repository/io/netty/netty-codec-mqtt/4.1.100.Final/netty-codec-mqtt-4.1.100.Final.jar:/Users/shehantharuka/.m2/repository/io/netty/netty-codec-redis/4.1.100.Final/netty-codec-redis-4.1.100.Final.jar:/Users/shehantharuka/.m2/repository/io/netty/netty-codec-smtp/4.1.100.Final/netty-codec-smtp-4.1.100.Final.jar:/Users/shehantharuka/.m2/repository/io/netty/netty-codec-socks/4.1.100.Final/netty-codec-socks-4.1.100.Final.jar:/Users/shehantharuka/.m2/repository/io/netty/netty-codec-stomp/4.1.100.Final/netty-codec-stomp-4.1.100.Final.jar:/Users/shehantharuka/.m2/repository/io/netty/netty-codec-xml/4.1.100.Final/netty-codec-xml-4.1.100.Final.jar:/Users/shehantharuka/.m2/repository/io/netty/netty-common/4.1.100.Final/netty-common-4.1.100.Final.jar:/Users/shehantharuka/.m2/repository/io/netty/netty-transport-native-unix-common/4.1.100.Final/netty-transport-native-unix-common-4.1.100.Final.jar:/Users/shehantharuka/.m2/repository/io/netty/netty-handler-proxy/4.1.100.Final/netty-handler-proxy-4.1.100.Final.jar:/Users/shehantharuka/.m2/repository/io/netty/netty-handler-ssl-ocsp/4.1.100.Final/netty-handler-ssl-ocsp-4.1.100.Final.jar:/Users/shehantharuka/.m2/repository/io/netty/netty-resolver/4.1.100.Final/netty-resolver-4.1.100.Final.jar:/Users/shehantharuka/.m2/repository/io/netty/netty-resolver-dns/4.1.100.Final/netty-resolver-dns-4.1.100.Final.jar:/Users/shehantharuka/.m2/repository/io/netty/netty-transport/4.1.100.Final/netty-transport-4.1.100.Final.jar:/Users/shehantharuka/.m2/repository/io/netty/netty-transport-rxtx/4.1.100.Final/netty-transport-rxtx-4.1.100.Final.jar:/Users/shehantharuka/.m2/repository/io/netty/netty-transport-sctp/4.1.100.Final/netty-transport-sctp-4.1.100.Final.jar:/Users/shehantharuka/.m2/repository/io/netty/netty-transport-udt/4.1.100.Final/netty-transport-udt-4.1.100.Final.jar:/Users/shehantharuka/.m2/repository/io/netty/netty-transport-classes-epoll/4.1.100.Final/netty-transport-classes-epoll-4.1.100.Final.jar:/Users/shehantharuka/.m2/repository/io/netty/netty-transport-classes-kqueue/4.1.100.Final/netty-transport-classes-kqueue-4.1.100.Final.jar:/Users/shehantharuka/.m2/repository/io/netty/netty-resolver-dns-classes-macos/4.1.100.Final/netty-resolver-dns-classes-macos-4.1.100.Final.jar:/Users/shehantharuka/.m2/repository/io/netty/netty-transport-native-epoll/4.1.100.Final/netty-transport-native-epoll-4.1.100.Final-linux-x86_64.jar:/Users/shehantharuka/.m2/repository/io/netty/netty-transport-native-epoll/4.1.100.Final/netty-transport-native-epoll-4.1.100.Final-linux-aarch_64.jar:/Users/shehantharuka/.m2/repository/io/netty/netty-transport-native-kqueue/4.1.100.Final/netty-transport-native-kqueue-4.1.100.Final-osx-x86_64.jar:/Users/shehantharuka/.m2/repository/io/netty/netty-transport-native-kqueue/4.1.100.Final/netty-transport-native-kqueue-4.1.100.Final-osx-aarch_64.jar:/Users/shehantharuka/.m2/repository/io/netty/netty-resolver-dns-native-macos/4.1.100.Final/netty-resolver-dns-native-macos-4.1.100.Final-osx-x86_64.jar:/Users/shehantharuka/.m2/repository/io/netty/netty-resolver-dns-native-macos/4.1.100.Final/netty-resolver-dns-native-macos-4.1.100.Final-osx-aarch_64.jar:/Users/shehantharuka/.m2/repository/org/apache/hadoop/hadoop-client/3.4.1/hadoop-client-3.4.1.jar:/Users/shehantharuka/.m2/repository/org/apache/hadoop/hadoop-yarn-api/3.4.1/hadoop-yarn-api-3.4.1.jar:/Users/shehantharuka/.m2/repository/org/apache/hadoop/hadoop-mapreduce-client-jobclient/3.4.1/hadoop-mapreduce-client-jobclient-3.4.1.jar:/Users/shehantharuka/.m2/repository/org/apache/hadoop/hadoop-common/3.4.1/hadoop-common-3.4.1.jar:/Users/shehantharuka/.m2/repository/org/apache/hadoop/thirdparty/hadoop-shaded-protobuf_3_25/1.3.0/hadoop-shaded-protobuf_3_25-1.3.0.jar:/Users/shehantharuka/.m2/repository/org/apache/hadoop/thirdparty/hadoop-shaded-guava/1.3.0/hadoop-shaded-guava-1.3.0.jar:/Users/shehantharuka/.m2/repository/com/google/guava/guava/27.0-jre/guava-27.0-jre.jar:/Users/shehantharuka/.m2/repository/com/google/guava/failureaccess/1.0/failureaccess-1.0.jar:/Users/shehantharuka/.m2/repository/com/google/guava/listenablefuture/9999.0-empty-to-avoid-conflict-with-guava/listenablefuture-9999.0-empty-to-avoid-conflict-with-guava.jar:/Users/shehantharuka/.m2/repository/org/checkerframework/checker-qual/2.5.2/checker-qual-2.5.2.jar:/Users/shehantharuka/.m2/repository/com/google/j2objc/j2objc-annotations/1.1/j2objc-annotations-1.1.jar:/Users/shehantharuka/.m2/repository/org/codehaus/mojo/animal-sniffer-annotations/1.17/animal-sniffer-annotations-1.17.jar:/Users/shehantharuka/.m2/repository/commons-cli/commons-cli/1.5.0/commons-cli-1.5.0.jar:/Users/shehantharuka/.m2/repository/org/apache/commons/commons-math3/3.6.1/commons-math3-3.6.1.jar:/Users/shehantharuka/.m2/repository/org/apache/httpcomponents/httpclient/4.5.13/httpclient-4.5.13.jar:/Users/shehantharuka/.m2/repository/commons-logging/commons-logging/1.2/commons-logging-1.2.jar:/Users/shehantharuka/.m2/repository/commons-codec/commons-codec/1.15/commons-codec-1.15.jar:/Users/shehantharuka/.m2/repository/commons-io/commons-io/2.16.1/commons-io-2.16.1.jar:/Users/shehantharuka/.m2/repository/commons-net/commons-net/3.9.0/commons-net-3.9.0.jar:/Users/shehantharuka/.m2/repository/commons-collections/commons-collections/3.2.2/commons-collections-3.2.2.jar:/Users/shehantharuka/.m2/repository/javax/servlet/javax.servlet-api/3.1.0/javax.servlet-api-3.1.0.jar:/Users/shehantharuka/.m2/repository/jakarta/activation/jakarta.activation-api/1.2.1/jakarta.activation-api-1.2.1.jar:/Users/shehantharuka/.m2/repository/org/eclipse/jetty/jetty-server/9.4.53.v20231009/jetty-server-9.4.53.v20231009.jar:/Users/shehantharuka/.m2/repository/org/eclipse/jetty/jetty-http/9.4.53.v20231009/jetty-http-9.4.53.v20231009.jar:/Users/shehantharuka/.m2/repository/org/eclipse/jetty/jetty-io/9.4.53.v20231009/jetty-io-9.4.53.v20231009.jar:/Users/shehantharuka/.m2/repository/org/eclipse/jetty/jetty-util/9.4.53.v20231009/jetty-util-9.4.53.v20231009.jar:/Users/shehantharuka/.m2/repository/org/eclipse/jetty/jetty-servlet/9.4.53.v20231009/jetty-servlet-9.4.53.v20231009.jar:/Users/shehantharuka/.m2/repository/org/eclipse/jetty/jetty-security/9.4.53.v20231009/jetty-security-9.4.53.v20231009.jar:/Users/shehantharuka/.m2/repository/org/eclipse/jetty/jetty-util-ajax/9.4.53.v20231009/jetty-util-ajax-9.4.53.v20231009.jar:/Users/shehantharuka/.m2/repository/org/eclipse/jetty/jetty-webapp/9.4.53.v20231009/jetty-webapp-9.4.53.v20231009.jar:/Users/shehantharuka/.m2/repository/org/eclipse/jetty/jetty-xml/9.4.53.v20231009/jetty-xml-9.4.53.v20231009.jar:/Users/shehantharuka/.m2/repository/javax/servlet/jsp/jsp-api/2.1/jsp-api-2.1.jar:/Users/shehantharuka/.m2/repository/com/sun/jersey/jersey-core/1.19.4/jersey-core-1.19.4.jar:/Users/shehantharuka/.m2/repository/javax/ws/rs/jsr311-api/1.1.1/jsr311-api-1.1.1.jar:/Users/shehantharuka/.m2/repository/com/sun/jersey/jersey-servlet/1.19.4/jersey-servlet-1.19.4.jar:/Users/shehantharuka/.m2/repository/com/github/pjfanning/jersey-json/1.22.0/jersey-json-1.22.0.jar:/Users/shehantharuka/.m2/repository/com/sun/xml/bind/jaxb-impl/2.2.3-1/jaxb-impl-2.2.3-1.jar:/Users/shehantharuka/.m2/repository/org/codehaus/jettison/jettison/1.5.4/jettison-1.5.4.jar:/Users/shehantharuka/.m2/repository/com/sun/jersey/jersey-server/1.19.4/jersey-server-1.19.4.jar:/Users/shehantharuka/.m2/repository/ch/qos/reload4j/reload4j/1.2.22/reload4j-1.2.22.jar:/Users/shehantharuka/.m2/repository/commons-beanutils/commons-beanutils/1.9.4/commons-beanutils-1.9.4.jar:/Users/shehantharuka/.m2/repository/org/apache/commons/commons-configuration2/2.10.1/commons-configuration2-2.10.1.jar:/Users/shehantharuka/.m2/repository/org/apache/commons/commons-lang3/3.12.0/commons-lang3-3.12.0.jar:/Users/shehantharuka/.m2/repository/org/apache/commons/commons-text/1.10.0/commons-text-1.10.0.jar:/Users/shehantharuka/.m2/repository/com/google/re2j/re2j/1.1/re2j-1.1.jar:/Users/shehantharuka/.m2/repository/com/google/code/gson/gson/2.9.0/gson-2.9.0.jar:/Users/shehantharuka/.m2/repository/org/apache/hadoop/hadoop-auth/3.4.1/hadoop-auth-3.4.1.jar:/Users/shehantharuka/.m2/repository/com/nimbusds/nimbus-jose-jwt/9.37.2/nimbus-jose-jwt-9.37.2.jar:/Users/shehantharuka/.m2/repository/com/github/stephenc/jcip/jcip-annotations/1.0-1/jcip-annotations-1.0-1.jar:/Users/shehantharuka/.m2/repository/org/apache/curator/curator-framework/5.2.0/curator-framework-5.2.0.jar:/Users/shehantharuka/.m2/repository/org/apache/kerby/kerb-util/2.0.3/kerb-util-2.0.3.jar:/Users/shehantharuka/.m2/repository/org/apache/kerby/kerby-config/2.0.3/kerby-config-2.0.3.jar:/Users/shehantharuka/.m2/repository/org/apache/kerby/kerb-crypto/2.0.3/kerb-crypto-2.0.3.jar:/Users/shehantharuka/.m2/repository/com/jcraft/jsch/0.1.55/jsch-0.1.55.jar:/Users/shehantharuka/.m2/repository/org/apache/curator/curator-client/5.2.0/curator-client-5.2.0.jar:/Users/shehantharuka/.m2/repository/org/apache/curator/curator-recipes/5.2.0/curator-recipes-5.2.0.jar:/Users/shehantharuka/.m2/repository/com/google/code/findbugs/jsr305/3.0.2/jsr305-3.0.2.jar:/Users/shehantharuka/.m2/repository/org/apache/zookeeper/zookeeper/3.8.4/zookeeper-3.8.4.jar:/Users/shehantharuka/.m2/repository/org/apache/zookeeper/zookeeper-jute/3.8.4/zookeeper-jute-3.8.4.jar:/Users/shehantharuka/.m2/repository/org/apache/yetus/audience-annotations/0.12.0/audience-annotations-0.12.0.jar:/Users/shehantharuka/.m2/repository/io/netty/netty-handler/4.1.100.Final/netty-handler-4.1.100.Final.jar:/Users/shehantharuka/.m2/repository/io/netty/netty-transport-native-epoll/4.1.100.Final/netty-transport-native-epoll-4.1.100.Final.jar:/Users/shehantharuka/.m2/repository/io/dropwizard/metrics/metrics-core/3.2.4/metrics-core-3.2.4.jar:/Users/shehantharuka/.m2/repository/org/apache/commons/commons-compress/1.26.1/commons-compress-1.26.1.jar:/Users/shehantharuka/.m2/repository/org/bouncycastle/bcprov-jdk18on/1.78.1/bcprov-jdk18on-1.78.1.jar:/Users/shehantharuka/.m2/repository/org/apache/kerby/kerb-core/2.0.3/kerb-core-2.0.3.jar:/Users/shehantharuka/.m2/repository/org/apache/kerby/kerby-pkix/2.0.3/kerby-pkix-2.0.3.jar:/Users/shehantharuka/.m2/repository/org/apache/kerby/kerby-asn1/2.0.3/kerby-asn1-2.0.3.jar:/Users/shehantharuka/.m2/repository/org/apache/kerby/kerby-util/2.0.3/kerby-util-2.0.3.jar:/Users/shehantharuka/.m2/repository/org/codehaus/woodstox/stax2-api/4.2.1/stax2-api-4.2.1.jar:/Users/shehantharuka/.m2/repository/com/fasterxml/woodstox/woodstox-core/5.4.0/woodstox-core-5.4.0.jar:/Users/shehantharuka/.m2/repository/dnsjava/dnsjava/3.6.1/dnsjava-3.6.1.jar:/Users/shehantharuka/.m2/repository/org/xerial/snappy/snappy-java/1.1.10.4/snappy-java-1.1.10.4.jar:/Users/shehantharuka/.m2/repository/org/apache/hadoop/hadoop-yarn-client/3.4.1/hadoop-yarn-client-3.4.1.jar:/Users/shehantharuka/.m2/repository/org/eclipse/jetty/websocket/websocket-client/9.4.53.v20231009/websocket-client-9.4.53.v20231009.jar:/Users/shehantharuka/.m2/repository/org/eclipse/jetty/jetty-client/9.4.53.v20231009/jetty-client-9.4.53.v20231009.jar:/Users/shehantharuka/.m2/repository/org/eclipse/jetty/websocket/websocket-common/9.4.53.v20231009/websocket-common-9.4.53.v20231009.jar:/Users/shehantharuka/.m2/repository/org/eclipse/jetty/websocket/websocket-api/9.4.53.v20231009/websocket-api-9.4.53.v20231009.jar:/Users/shehantharuka/.m2/repository/org/jline/jline/3.9.0/jline-3.9.0.jar:/Users/shehantharuka/.m2/repository/org/apache/hadoop/hadoop-mapreduce-client-app/3.4.1/hadoop-mapreduce-client-app-3.4.1.jar:/Users/shehantharuka/.m2/repository/org/apache/hadoop/hadoop-mapreduce-client-common/3.4.1/hadoop-mapreduce-client-common-3.4.1.jar:/Users/shehantharuka/.m2/repository/org/apache/hadoop/hadoop-yarn-server-web-proxy/3.4.1/hadoop-yarn-server-web-proxy-3.4.1.jar:/Users/shehantharuka/.m2/repository/org/apache/hadoop/hadoop-yarn-server-common/3.4.1/hadoop-yarn-server-common-3.4.1.jar:/Users/shehantharuka/.m2/repository/org/apache/hadoop/hadoop-registry/3.4.1/hadoop-registry-3.4.1.jar:/Users/shehantharuka/.m2/repository/commons-daemon/commons-daemon/1.0.13/commons-daemon-1.0.13.jar:/Users/shehantharuka/.m2/repository/javax/cache/cache-api/1.1.1/cache-api-1.1.1.jar:/Users/shehantharuka/.m2/repository/org/ehcache/ehcache/3.8.2/ehcache-3.8.2.jar:/Users/shehantharuka/.m2/repository/org/glassfish/jaxb/jaxb-runtime/2.3.1/jaxb-runtime-2.3.1.jar:/Users/shehantharuka/.m2/repository/org/glassfish/jaxb/txw2/2.3.1/txw2-2.3.1.jar:/Users/shehantharuka/.m2/repository/com/sun/istack/istack-commons-runtime/3.0.7/istack-commons-runtime-3.0.7.jar:/Users/shehantharuka/.m2/repository/org/jvnet/staxex/stax-ex/1.8/stax-ex-1.8.jar:/Users/shehantharuka/.m2/repository/com/sun/xml/fastinfoset/FastInfoset/1.2.15/FastInfoset-1.2.15.jar:/Users/shehantharuka/.m2/repository/javax/activation/javax.activation-api/1.2.0/javax.activation-api-1.2.0.jar:/Users/shehantharuka/.m2/repository/com/zaxxer/HikariCP/4.0.3/HikariCP-4.0.3.jar:/Users/shehantharuka/.m2/repository/com/microsoft/sqlserver/mssql-jdbc/6.2.1.jre7/mssql-jdbc-6.2.1.jre7.jar:/Users/shehantharuka/.m2/repository/org/apache/hadoop/hadoop-mapreduce-client-shuffle/3.4.1/hadoop-mapreduce-client-shuffle-3.4.1.jar:/Users/shehantharuka/.m2/repository/org/apache/hadoop/hadoop-yarn-server-nodemanager/3.4.1/hadoop-yarn-server-nodemanager-3.4.1.jar:/Users/shehantharuka/.m2/repository/org/eclipse/jetty/websocket/javax-websocket-server-impl/9.4.53.v20231009/javax-websocket-server-impl-9.4.53.v20231009.jar:/Users/shehantharuka/.m2/repository/org/eclipse/jetty/jetty-annotations/9.4.53.v20231009/jetty-annotations-9.4.53.v20231009.jar:/Users/shehantharuka/.m2/repository/org/eclipse/jetty/jetty-plus/9.4.53.v20231009/jetty-plus-9.4.53.v20231009.jar:/Users/shehantharuka/.m2/repository/org/eclipse/jetty/jetty-jndi/9.4.53.v20231009/jetty-jndi-9.4.53.v20231009.jar:/Users/shehantharuka/.m2/repository/javax/annotation/javax.annotation-api/1.3.2/javax.annotation-api-1.3.2.jar:/Users/shehantharuka/.m2/repository/org/ow2/asm/asm-commons/9.6/asm-commons-9.6.jar:/Users/shehantharuka/.m2/repository/org/ow2/asm/asm-tree/9.6/asm-tree-9.6.jar:/Users/shehantharuka/.m2/repository/org/eclipse/jetty/websocket/javax-websocket-client-impl/9.4.53.v20231009/javax-websocket-client-impl-9.4.53.v20231009.jar:/Users/shehantharuka/.m2/repository/javax/websocket/javax.websocket-client-api/1.0/javax.websocket-client-api-1.0.jar:/Users/shehantharuka/.m2/repository/org/eclipse/jetty/websocket/websocket-server/9.4.53.v20231009/websocket-server-9.4.53.v20231009.jar:/Users/shehantharuka/.m2/repository/org/eclipse/jetty/websocket/websocket-servlet/9.4.53.v20231009/websocket-servlet-9.4.53.v20231009.jar:/Users/shehantharuka/.m2/repository/javax/websocket/javax.websocket-api/1.0/javax.websocket-api-1.0.jar:/Users/shehantharuka/.m2/repository/net/java/dev/jna/jna/5.2.0/jna-5.2.0.jar:/Users/shehantharuka/.m2/repository/org/fusesource/leveldbjni/leveldbjni-all/1.8/leveldbjni-all-1.8.jar:"/>
    <property name="sun.cpu.endian" value="little"/>
    <property name="user.home" value="/Users/shehantharuka"/>
    <property name="user.language" value="en"/>
    <property name="java.specification.vendor" value="Oracle Corporation"/>
    <property name="java.version.date" value="2024-10-15"/>
    <property name="java.home" value="/Library/Java/JavaVirtualMachines/jdk-23.jdk/Contents/Home"/>
    <property name="file.separator" value="/"/>
    <property name="basedir" value="/Users/shehantharuka/Workspace/Programming/MSc-Dev/coursework/big-data-programming/nbadataanalysis-hadoop-proj"/>
    <property name="java.vm.compressedOopsMode" value="Zero based"/>
    <property name="line.separator" value="&#10;"/>
    <property name="java.vm.specification.vendor" value="Oracle Corporation"/>
    <property name="java.specification.name" value="Java Platform API Specification"/>
    <property name="apple.awt.application.name" value="ForkedBooter"/>
    <property name="surefire.real.class.path" value="/Users/shehantharuka/Workspace/Programming/MSc-Dev/coursework/big-data-programming/nbadataanalysis-hadoop-proj/target/surefire/surefirebooter4061906101957349133.jar"/>
    <property name="sun.management.compiler" value="HotSpot 64-Bit Tiered Compilers"/>
    <property name="ftp.nonProxyHosts" value="local|*.local|169.254/16|*.169.254/16"/>
    <property name="java.runtime.version" value="23.0.1+11-39"/>
    <property name="user.name" value="shehantharuka"/>
    <property name="stdout.encoding" value="UTF-8"/>
    <property name="path.separator" value=":"/>
    <property name="os.version" value="15.2"/>
    <property name="java.runtime.name" value="Java(TM) SE Runtime Environment"/>
    <property name="file.encoding" value="UTF-8"/>
    <property name="java.vm.name" value="Java HotSpot(TM) 64-Bit Server VM"/>
    <property name="localRepository" value="/Users/shehantharuka/.m2/repository"/>
    <property name="java.vendor.url.bug" value="https://bugreport.java.com/bugreport/"/>
    <property name="java.io.tmpdir" value="/var/folders/ms/61dl068d7hg5p08dz71ys9s40000gn/T/"/>
    <property name="java.version" value="23.0.1"/>
    <property name="user.dir" value="/Users/shehantharuka/Workspace/Programming/MSc-Dev/coursework/big-data-programming/nbadataanalysis-hadoop-proj"/>
    <property name="os.arch" value="aarch64"/>
    <property name="java.vm.specification.name" value="Java Virtual Machine Specification"/>
    <property name="native.encoding" value="UTF-8"/>
    <property name="java.library.path" value="/Users/shehantharuka/Library/Java/Extensions:/Library/Java/Extensions:/Network/Library/Java/Extensions:/System/Library/Java/Extensions:/usr/lib/java:."/>
    <property name="java.vm.info" value="mixed mode, sharing"/>
    <property name="stderr.encoding" value="UTF-8"/>
    <property name="java.vendor" value="Oracle Corporation"/>
    <property name="java.vm.version" value="23.0.1+11-39"/>
    <property name="sun.io.unicode.encoding" value="UnicodeBig"/>
    <property name="socksNonProxyHosts" value="local|*.local|169.254/16|*.169.254/16"/>
    <property name="java.class.version" value="67.0"/>
  </properties>
  <testcase name="shouldAnswerWithTrue" classname="nba.shehan.AppTest" time="0.001"/>
</testsuite>